d:\engle\dragon3\dragon3\release\vc141.pdb
d:\engle\dragon3\dragon3\release\pbr_capture.obj
d:\engle\dragon3\dragon3\release\pbr.obj
d:\engle\dragon3\dragon3\release\materiallibrary.obj
d:\engle\dragon3\dragon3\release\gl_cache.obj
d:\engle\dragon3\dragon3\release\command_buffer.obj
d:\engle\dragon3\dragon3\release\torus.obj
d:\engle\dragon3\dragon3\release\sphere.obj
d:\engle\dragon3\dragon3\release\quad.obj
d:\engle\dragon3\dragon3\release\plane.obj
d:\engle\dragon3\dragon3\release\mesh.obj
d:\engle\dragon3\dragon3\release\line_strip.obj
d:\engle\dragon3\dragon3\release\cube.obj
d:\engle\dragon3\dragon3\release\circle.obj
d:\engle\dragon3\dragon3\release\imgui_draw.obj
d:\engle\dragon3\dragon3\release\imgui_demo.obj
d:\engle\dragon3\dragon3\release\imgui.obj
d:\engle\dragon3\dragon3\release\cell.obj
d:\engle\dragon3\dragon3\release\fly_camera.obj
d:\engle\dragon3\dragon3\release\camera_frustum.obj
d:\engle\dragon3\dragon3\release\camera.obj
d:\engle\dragon3\dragon3\release\program.obj
d:\engle\dragon3\dragon3\release\pbr_test.obj
d:\engle\dragon3\dragon3\release\stb_image.obj
d:\engle\dragon3\dragon3\release\texture_cube.obj
d:\engle\dragon3\dragon3\release\texture.obj
d:\engle\dragon3\dragon3\release\shader.obj
d:\engle\dragon3\dragon3\release\material.obj
d:\engle\dragon3\dragon3\release\scene_node.obj
d:\engle\dragon3\dragon3\release\scene.obj
d:\engle\dragon3\dragon3\release\background.obj
d:\engle\dragon3\dragon3\release\texture_loader.obj
d:\engle\dragon3\dragon3\release\shader_loader.obj
d:\engle\dragon3\dragon3\release\resources.obj
d:\engle\dragon3\dragon3\release\mesh_loader.obj
d:\engle\dragon3\dragon3\release\animated_mesh_loader.obj
d:\engle\dragon3\dragon3\release\render_target.obj
d:\engle\dragon3\dragon3\release\renderer.obj
d:\engle\dragon3\dragon3\release\postprocessor.obj
d:\engle\dragon3\dragon3\release\time.obj
d:\engle\dragon3\dragon3\release\random.obj
d:\engle\dragon3\dragon3\release\log.obj
d:\engle\dragon3\dragon3\release\spherical.obj
d:\engle\dragon3\dragon3\release\polar.obj
d:\engle\dragon3\dragon3\release\glad.obj
d:\engle\dragon3\dragon3\release\gplane.obj
d:\engle\dragon3\release\dragon3.ipdb
d:\engle\dragon3\release\dragon3.iobj
d:\engle\dragon3\release\dragon3.pdb
d:\engle\dragon3\release\dragon3.exe
d:\engle\dragon3\dragon3\release\dragon3.tlog\cl.command.1.tlog
d:\engle\dragon3\dragon3\release\dragon3.tlog\cl.read.1.tlog
d:\engle\dragon3\dragon3\release\dragon3.tlog\cl.write.1.tlog
d:\engle\dragon3\dragon3\release\dragon3.tlog\dragon3.write.1u.tlog
d:\engle\dragon3\dragon3\release\dragon3.tlog\link.command.1.tlog
d:\engle\dragon3\dragon3\release\dragon3.tlog\link.read.1.tlog
d:\engle\dragon3\dragon3\release\dragon3.tlog\link.write.1.tlog
