D:\Program File\Visual Studio\Common7\IDE\VC\VCTargets\Microsoft.CppBuild.targets(937,5): warning MSB8027: Two or more files with the name of plane.cpp will produce outputs to the same location. This can lead to an incorrect build result.  The files involved are cell\mesh\plane.cpp, math\geometry\plane.cpp.
D:\Program File\Visual Studio\Common7\IDE\VC\VCTargets\Microsoft.CppBuild.targets(937,5): warning MSB8027: Two or more files with the name of program.cpp will produce outputs to the same location. This can lead to an incorrect build result.  The files involved are demo\program.cpp, math\program.cpp.
  program.cpp
d:\engle\dragon3\dragon3\math\linear_algebra\quaternion.h(169): warning C4244: '=': conversion from 'double' to 'float', possible loss of data
d:\engle\dragon3\dragon3\math\linear_algebra\quaternion.h(174): warning C4244: '=': conversion from 'double' to 'float', possible loss of data
d:\engle\dragon3\dragon3\math\linear_algebra\quaternion.h(179): warning C4244: '=': conversion from 'double' to 'float', possible loss of data
d:\engle\dragon3\dragon3\lib\includes\glfw\glfw3.h(574): warning C4099: 'GLFWwindow': type name first seen using 'class' now seen using 'struct'
  d:\engle\dragon3\dragon3\cell\cell.h(27): note: see declaration of 'GLFWwindow'
d:\engle\dragon3\dragon3\demo\program.cpp(120): warning C4305: 'argument': truncation from 'double' to 'const float'
d:\engle\dragon3\dragon3\demo\program.cpp(181): warning C4244: '=': conversion from 'double' to 'float', possible loss of data
d:\engle\dragon3\dragon3\demo\program.cpp(182): warning C4244: '=': conversion from 'double' to 'float', possible loss of data
d:\engle\dragon3\dragon3\demo\program.cpp(266): warning C4244: 'initializing': conversion from 'double' to 'float', possible loss of data
d:\engle\dragon3\dragon3\demo\program.cpp(293): warning C4244: 'argument': conversion from 'double' to 'const float', possible loss of data
d:\engle\dragon3\dragon3\demo\program.cpp(294): warning C4244: 'argument': conversion from 'double' to 'const float', possible loss of data
d:\engle\dragon3\dragon3\demo\program.cpp(295): warning C4244: 'argument': conversion from 'double' to 'const float', possible loss of data
d:\engle\dragon3\dragon3\demo\program.cpp(299): warning C4244: '=': conversion from 'double' to 'float', possible loss of data
d:\engle\dragon3\dragon3\demo\program.cpp(300): warning C4244: '=': conversion from 'double' to 'float', possible loss of data
d:\engle\dragon3\dragon3\demo\program.cpp(305): warning C4244: 'argument': conversion from 'double' to 'const float', possible loss of data
d:\engle\dragon3\dragon3\demo\program.cpp(308): warning C4244: 'argument': conversion from 'double' to 'float', possible loss of data
d:\engle\dragon3\dragon3\demo\program.cpp(379): warning C4244: '=': conversion from 'double' to 'float', possible loss of data
d:\engle\dragon3\dragon3\demo\program.cpp(380): warning C4244: '=': conversion from 'double' to 'float', possible loss of data
d:\engle\dragon3\dragon3\demo\program.cpp(384): warning C4244: 'initializing': conversion from 'double' to 'float', possible loss of data
d:\engle\dragon3\dragon3\demo\program.cpp(385): warning C4244: 'initializing': conversion from 'double' to 'float', possible loss of data
d:\engle\dragon3\dragon3\demo\program.cpp(387): warning C4244: '=': conversion from 'double' to 'float', possible loss of data
d:\engle\dragon3\dragon3\demo\program.cpp(388): warning C4244: '=': conversion from 'double' to 'float', possible loss of data
d:\engle\dragon3\dragon3\demo\program.cpp(402): warning C4244: 'argument': conversion from 'double' to 'float', possible loss of data
d:\engle\dragon3\dragon3\demo\program.cpp(403): warning C4244: 'argument': conversion from 'double' to 'float', possible loss of data
  cell.cpp
d:\engle\dragon3\dragon3\math\linear_algebra\quaternion.h(169): warning C4244: '=': conversion from 'double' to 'float', possible loss of data
d:\engle\dragon3\dragon3\math\linear_algebra\quaternion.h(174): warning C4244: '=': conversion from 'double' to 'float', possible loss of data
d:\engle\dragon3\dragon3\math\linear_algebra\quaternion.h(179): warning C4244: '=': conversion from 'double' to 'float', possible loss of data
d:\engle\dragon3\dragon3\math\common.h(10): warning C4005: 'NOMINMAX': macro redefinition
  d:\engle\dragon3\dragon3\cell\glad\glad.h(36): note: see previous definition of 'NOMINMAX'
d:\engle\dragon3\dragon3\lib\includes\glfw\glfw3.h(574): warning C4099: 'GLFWwindow': type name first seen using 'class' now seen using 'struct'
  d:\engle\dragon3\dragon3\cell\cell.h(27): note: see declaration of 'GLFWwindow'
  Generating Code...
x64\Debug\plane.obj : warning LNK4042: object specified more than once; extras ignored
x64\Debug\program.obj : warning LNK4042: object specified more than once; extras ignored
cell.obj : error LNK2019: unresolved external symbol glfwGetWindowSize referenced in function "void __cdecl Cell::ImGui_ImplGlfwGL3_NewFrame(void)" (?ImGui_ImplGlfwGL3_NewFrame@Cell@@YAXXZ)
cell.obj : error LNK2019: unresolved external symbol glfwGetFramebufferSize referenced in function "void __cdecl Cell::ImGui_ImplGlfwGL3_NewFrame(void)" (?ImGui_ImplGlfwGL3_NewFrame@Cell@@YAXXZ)
program.obj : error LNK2001: unresolved external symbol glfwGetFramebufferSize
cell.obj : error LNK2019: unresolved external symbol glfwGetWindowAttrib referenced in function "void __cdecl Cell::ImGui_ImplGlfwGL3_NewFrame(void)" (?ImGui_ImplGlfwGL3_NewFrame@Cell@@YAXXZ)
cell.obj : error LNK2019: unresolved external symbol glfwGetMouseButton referenced in function "void __cdecl Cell::ImGui_ImplGlfwGL3_NewFrame(void)" (?ImGui_ImplGlfwGL3_NewFrame@Cell@@YAXXZ)
cell.obj : error LNK2019: unresolved external symbol glfwGetCursorPos referenced in function "void __cdecl Cell::ImGui_ImplGlfwGL3_NewFrame(void)" (?ImGui_ImplGlfwGL3_NewFrame@Cell@@YAXXZ)
cell.obj : error LNK2019: unresolved external symbol glfwSetCursorPos referenced in function "void __cdecl Cell::ImGui_ImplGlfwGL3_NewFrame(void)" (?ImGui_ImplGlfwGL3_NewFrame@Cell@@YAXXZ)
cell.obj : error LNK2019: unresolved external symbol glfwSetCharCallback referenced in function "bool __cdecl Cell::ImGui_ImplGlfwGL3_Init(class GLFWwindow *,bool)" (?ImGui_ImplGlfwGL3_Init@Cell@@YA_NPEAVGLFWwindow@@_N@Z)
cell.obj : error LNK2019: unresolved external symbol glfwGetTime referenced in function "void __cdecl Cell::ImGui_ImplGlfwGL3_NewFrame(void)" (?ImGui_ImplGlfwGL3_NewFrame@Cell@@YAXXZ)
program.obj : error LNK2001: unresolved external symbol glfwGetTime
mesh_loader.obj : error LNK2019: unresolved external symbol "public: __cdecl Assimp::Importer::Importer(void)" (??0Importer@Assimp@@QEAA@XZ) referenced in function "public: static class Cell::SceneNode * __cdecl Cell::MeshLoader::LoadMesh(class Cell::Renderer *,class std::basic_string<char,struct std::char_traits<char>,class std::allocator<char> >,bool)" (?LoadMesh@MeshLoader@Cell@@SAPEAVSceneNode@2@PEAVRenderer@2@V?$basic_string@DU?$char_traits@D@std@@V?$allocator@D@2@@std@@_N@Z)
mesh_loader.obj : error LNK2019: unresolved external symbol "public: __cdecl Assimp::Importer::~Importer(void)" (??1Importer@Assimp@@QEAA@XZ) referenced in function "public: static class Cell::SceneNode * __cdecl Cell::MeshLoader::LoadMesh(class Cell::Renderer *,class std::basic_string<char,struct std::char_traits<char>,class std::allocator<char> >,bool)" (?LoadMesh@MeshLoader@Cell@@SAPEAVSceneNode@2@PEAVRenderer@2@V?$basic_string@DU?$char_traits@D@std@@V?$allocator@D@2@@std@@_N@Z)
mesh_loader.obj : error LNK2019: unresolved external symbol "public: struct aiScene const * __cdecl Assimp::Importer::ReadFile(char const *,unsigned int)" (?ReadFile@Importer@Assimp@@QEAAPEBUaiScene@@PEBDI@Z) referenced in function "public: struct aiScene const * __cdecl Assimp::Importer::ReadFile(class std::basic_string<char,struct std::char_traits<char>,class std::allocator<char> > const &,unsigned int)" (?ReadFile@Importer@Assimp@@QEAAPEBUaiScene@@AEBV?$basic_string@DU?$char_traits@D@std@@V?$allocator@D@2@@std@@I@Z)
mesh_loader.obj : error LNK2019: unresolved external symbol aiGetMaterialTextureCount referenced in function "public: unsigned int __cdecl aiMaterial::GetTextureCount(enum aiTextureType)const " (?GetTextureCount@aiMaterial@@QEBAIW4aiTextureType@@@Z)
mesh_loader.obj : error LNK2019: unresolved external symbol aiGetMaterialTexture referenced in function "public: enum aiReturn __cdecl aiMaterial::GetTexture(enum aiTextureType,unsigned int,struct aiString *,enum aiTextureMapping *,unsigned int *,float *,enum aiTextureOp *,enum aiTextureMapMode *)const " (?GetTexture@aiMaterial@@QEBA?AW4aiReturn@@W4aiTextureType@@IPEAUaiString@@PEAW4aiTextureMapping@@PEAIPEAMPEAW4aiTextureOp@@PEAW4aiTextureMapMode@@@Z)
program.obj : error LNK2019: unresolved external symbol "public: __cdecl Cell::Plane::Plane(unsigned int,unsigned int)" (??0Plane@Cell@@QEAA@II@Z) referenced in function main
program.obj : error LNK2019: unresolved external symbol glfwInit referenced in function main
program.obj : error LNK2019: unresolved external symbol glfwTerminate referenced in function main
program.obj : error LNK2019: unresolved external symbol glfwWindowHint referenced in function main
program.obj : error LNK2019: unresolved external symbol glfwCreateWindow referenced in function main
program.obj : error LNK2019: unresolved external symbol glfwWindowShouldClose referenced in function main
program.obj : error LNK2019: unresolved external symbol glfwSetFramebufferSizeCallback referenced in function main
program.obj : error LNK2019: unresolved external symbol glfwPollEvents referenced in function main
program.obj : error LNK2019: unresolved external symbol glfwSetInputMode referenced in function main
program.obj : error LNK2019: unresolved external symbol glfwSetKeyCallback referenced in function main
program.obj : error LNK2019: unresolved external symbol glfwSetMouseButtonCallback referenced in function main
program.obj : error LNK2019: unresolved external symbol glfwSetCursorPosCallback referenced in function main
program.obj : error LNK2019: unresolved external symbol glfwSetScrollCallback referenced in function main
program.obj : error LNK2019: unresolved external symbol glfwMakeContextCurrent referenced in function main
program.obj : error LNK2019: unresolved external symbol glfwSwapBuffers referenced in function main
program.obj : error LNK2019: unresolved external symbol glfwGetProcAddress referenced in function main
D:\engle\dragon3\x64\Debug\dragon3.exe : fatal error LNK1120: 29 unresolved externals
